TN:
SF:src/components/Order.jsx
FN:7,(anonymous_0)
FN:10,(anonymous_1)
FN:14,(anonymous_2)
FNF:3
FNH:0
FNDA:0,(anonymous_0)
FNDA:0,(anonymous_1)
FNDA:0,(anonymous_2)
DA:7,0
DA:8,0
DA:10,0
DA:11,0
DA:12,0
DA:14,0
DA:15,0
DA:18,0
LF:8
LH:0
BRF:0
BRH:0
end_of_record
TN:
SF:src/components/CityPicker/index.jsx
FN:9,(anonymous_0)
FN:32,(anonymous_1)
FN:36,(anonymous_2)
FN:54,(anonymous_3)
FN:59,(anonymous_4)
FN:76,(anonymous_5)
FN:103,(anonymous_6)
FN:108,(anonymous_7)
FN:115,(anonymous_8)
FN:130,(anonymous_9)
FN:131,(anonymous_10)
FN:135,(anonymous_11)
FN:136,(anonymous_12)
FN:137,(anonymous_13)
FN:142,(anonymous_14)
FN:157,(anonymous_15)
FN:168,(anonymous_16)
FN:169,(anonymous_17)
FNF:18
FNH:0
FNDA:0,(anonymous_0)
FNDA:0,(anonymous_1)
FNDA:0,(anonymous_2)
FNDA:0,(anonymous_3)
FNDA:0,(anonymous_4)
FNDA:0,(anonymous_5)
FNDA:0,(anonymous_6)
FNDA:0,(anonymous_7)
FNDA:0,(anonymous_8)
FNDA:0,(anonymous_9)
FNDA:0,(anonymous_10)
FNDA:0,(anonymous_11)
FNDA:0,(anonymous_12)
FNDA:0,(anonymous_13)
FNDA:0,(anonymous_14)
FNDA:0,(anonymous_15)
FNDA:0,(anonymous_16)
FNDA:0,(anonymous_17)
DA:8,0
DA:23,0
DA:24,0
DA:25,0
DA:26,0
DA:29,0
DA:32,0
DA:33,0
DA:34,0
DA:35,0
DA:36,0
DA:40,0
DA:41,0
DA:43,0
DA:44,0
DA:46,0
DA:51,0
DA:54,0
DA:55,0
DA:59,0
DA:61,0
DA:62,0
DA:65,0
DA:67,0
DA:70,0
DA:71,0
DA:73,0
DA:75,0
DA:77,0
DA:80,0
DA:81,0
DA:85,0
DA:88,0
DA:89,0
DA:96,0
DA:98,0
DA:103,0
DA:104,0
DA:108,0
DA:109,0
DA:110,0
DA:115,0
DA:116,0
DA:117,0
DA:118,0
DA:120,0
DA:121,0
DA:130,0
DA:132,0
DA:133,0
DA:135,0
DA:136,0
DA:137,0
DA:142,0
DA:143,0
DA:144,0
DA:147,0
DA:157,0
DA:168,0
DA:169,0
DA:177,0
LF:61
LH:0
BRDA:11,0,0,0
BRDA:12,1,0,0
BRDA:15,2,0,0
BRDA:16,3,0,0
BRDA:17,4,0,0
BRDA:18,5,0,0
BRDA:61,6,0,0
BRDA:61,6,1,0
BRDA:61,7,0,0
BRDA:61,7,1,0
BRDA:67,8,0,0
BRDA:67,8,1,0
BRDA:73,9,0,0
BRDA:73,9,1,0
BRDA:77,10,0,0
BRDA:77,10,1,0
BRDA:80,11,0,0
BRDA:80,11,1,0
BRDA:88,12,0,0
BRDA:88,12,1,0
BRDA:88,13,0,0
BRDA:88,13,1,0
BRDA:109,14,0,0
BRDA:109,14,1,0
BRDA:120,15,0,0
BRDA:120,15,1,0
BRDA:133,16,0,0
BRDA:133,16,1,0
BRDA:143,17,0,0
BRDA:143,17,1,0
BRDA:144,18,0,0
BRDA:144,18,1,0
BRDA:153,19,0,0
BRDA:153,19,1,0
BRDA:155,20,0,0
BRDA:155,20,1,0
BRDA:155,20,2,0
BRDA:156,21,0,0
BRDA:156,21,1,0
BRDA:157,22,0,0
BRDA:157,22,1,0
BRDA:157,22,2,0
BRDA:166,23,0,0
BRDA:166,23,1,0
BRF:44
BRH:0
end_of_record
TN:
SF:src/components/DateTimePicker/index.jsx
FN:7,(anonymous_0)
FN:31,(anonymous_1)
FN:44,(anonymous_2)
FN:59,(anonymous_3)
FN:94,(anonymous_4)
FN:110,(anonymous_5)
FN:180,(anonymous_6)
FN:185,(anonymous_7)
FN:194,(anonymous_8)
FN:199,(anonymous_9)
FN:204,(anonymous_10)
FN:206,(anonymous_11)
FN:207,(anonymous_12)
FN:214,(anonymous_13)
FN:234,(anonymous_14)
FNF:15
FNH:0
FNDA:0,(anonymous_0)
FNDA:0,(anonymous_1)
FNDA:0,(anonymous_2)
FNDA:0,(anonymous_3)
FNDA:0,(anonymous_4)
FNDA:0,(anonymous_5)
FNDA:0,(anonymous_6)
FNDA:0,(anonymous_7)
FNDA:0,(anonymous_8)
FNDA:0,(anonymous_9)
FNDA:0,(anonymous_10)
FNDA:0,(anonymous_11)
FNDA:0,(anonymous_12)
FNDA:0,(anonymous_13)
FNDA:0,(anonymous_14)
DA:6,0
DA:26,0
DA:27,0
DA:28,0
DA:31,0
DA:32,0
DA:33,0
DA:36,0
DA:38,0
DA:40,0
DA:44,0
DA:45,0
DA:46,0
DA:49,0
DA:51,0
DA:53,0
DA:58,0
DA:60,0
DA:62,0
DA:64,0
DA:66,0
DA:75,0
DA:77,0
DA:82,0
DA:87,0
DA:94,0
DA:95,0
DA:96,0
DA:98,0
DA:99,0
DA:100,0
DA:102,0
DA:104,0
DA:105,0
DA:110,0
DA:114,0
DA:116,0
DA:117,0
DA:118,0
DA:119,0
DA:122,0
DA:123,0
DA:124,0
DA:125,0
DA:128,0
DA:130,0
DA:131,0
DA:132,0
DA:135,0
DA:136,0
DA:137,0
DA:138,0
DA:141,0
DA:143,0
DA:144,0
DA:145,0
DA:146,0
DA:149,0
DA:150,0
DA:153,0
DA:155,0
DA:156,0
DA:157,0
DA:159,0
DA:160,0
DA:180,0
DA:181,0
DA:185,0
DA:186,0
DA:187,0
DA:188,0
DA:189,0
DA:194,0
DA:195,0
DA:199,0
DA:200,0
DA:204,0
DA:206,0
DA:207,0
DA:214,0
DA:215,0
DA:219,0
DA:221,0
DA:234,0
DA:260,0
LF:85
LH:0
BRDA:9,0,0,0
BRDA:10,1,0,0
BRDA:11,2,0,0
BRDA:14,3,0,0
BRDA:15,4,0,0
BRDA:16,5,0,0
BRDA:19,6,0,0
BRDA:20,7,0,0
BRDA:21,8,0,0
BRDA:27,9,0,0
BRDA:27,9,1,0
BRDA:32,10,0,0
BRDA:32,10,1,0
BRDA:33,11,0,0
BRDA:33,11,1,0
BRDA:33,11,2,0
BRDA:33,11,3,0
BRDA:45,12,0,0
BRDA:45,12,1,0
BRDA:46,13,0,0
BRDA:46,13,1,0
BRDA:46,13,2,0
BRDA:46,13,3,0
BRDA:60,14,0,0
BRDA:60,14,1,0
BRDA:62,15,0,0
BRDA:62,15,1,0
BRDA:62,15,2,0
BRDA:62,15,3,0
BRDA:62,15,4,0
BRDA:62,15,5,0
BRDA:75,16,0,0
BRDA:75,16,1,0
BRDA:95,17,0,0
BRDA:95,17,1,0
BRDA:99,18,0,0
BRDA:99,18,1,0
BRDA:99,19,0,0
BRDA:99,19,1,0
BRDA:114,20,0,0
BRDA:114,20,1,0
BRDA:114,20,2,0
BRDA:114,20,3,0
BRDA:114,20,4,0
BRDA:114,20,5,0
BRDA:117,21,0,0
BRDA:117,21,1,0
BRDA:117,22,0,0
BRDA:117,22,1,0
BRDA:159,23,0,0
BRDA:159,23,1,0
BRDA:188,24,0,0
BRDA:188,24,1,0
BRDA:215,25,0,0
BRDA:215,25,1,0
BRDA:219,26,0,0
BRDA:219,26,1,0
BRDA:229,27,0,0
BRDA:229,27,1,0
BRDA:232,28,0,0
BRDA:232,28,1,0
BRDA:234,29,0,0
BRDA:234,29,1,0
BRDA:249,30,0,0
BRDA:249,30,1,0
BRF:65
BRH:0
end_of_record
TN:
SF:src/components/Header/index.jsx
FN:5,(anonymous_0)
FN:14,(anonymous_1)
FNF:2
FNH:0
FNDA:0,(anonymous_0)
FNDA:0,(anonymous_1)
DA:5,0
DA:6,0
DA:8,0
DA:9,0
DA:12,0
DA:15,0
LF:6
LH:0
BRDA:6,0,0,0
BRDA:6,0,1,0
BRDA:8,1,0,0
BRDA:8,1,1,0
BRDA:16,2,0,0
BRDA:16,2,1,0
BRDA:19,3,0,0
BRDA:19,3,1,0
BRF:8
BRH:0
end_of_record
TN:
SF:src/components/HospitalList/HospitalCard.jsx
FN:9,(anonymous_0)
FN:12,(anonymous_1)
FN:22,(anonymous_2)
FN:40,(anonymous_3)
FNF:4
FNH:0
FNDA:0,(anonymous_0)
FNDA:0,(anonymous_1)
FNDA:0,(anonymous_2)
FNDA:0,(anonymous_3)
DA:9,0
DA:10,0
DA:12,0
DA:16,0
DA:22,0
DA:24,0
DA:25,0
DA:28,0
DA:41,0
LF:9
LH:0
BRDA:24,0,0,0
BRDA:24,0,1,0
BRDA:24,0,2,0
BRDA:24,0,3,0
BRDA:25,1,0,0
BRDA:25,1,1,0
BRDA:25,2,0,0
BRDA:25,2,1,0
BRDA:39,3,0,0
BRDA:39,3,1,0
BRDA:39,4,0,0
BRDA:39,4,1,0
BRF:12
BRH:0
end_of_record
TN:
SF:src/components/HospitalList/HospitalList.jsx
FN:17,(anonymous_0)
FN:23,(anonymous_1)
FN:24,(anonymous_2)
FN:28,(anonymous_3)
FN:32,(anonymous_4)
FN:44,(anonymous_5)
FN:50,(anonymous_6)
FN:93,(anonymous_7)
FNF:8
FNH:0
FNDA:0,(anonymous_0)
FNDA:0,(anonymous_1)
FNDA:0,(anonymous_2)
FNDA:0,(anonymous_3)
FNDA:0,(anonymous_4)
FNDA:0,(anonymous_5)
FNDA:0,(anonymous_6)
FNDA:0,(anonymous_7)
DA:17,0
DA:18,0
DA:19,0
DA:21,0
DA:23,0
DA:24,0
DA:25,0
DA:28,0
DA:29,0
DA:32,0
DA:33,0
DA:34,0
DA:35,0
DA:36,0
DA:37,0
DA:39,0
DA:43,0
DA:45,0
DA:50,0
DA:51,0
DA:54,0
DA:94,0
LF:22
LH:0
BRDA:32,0,0,0
BRDA:34,1,0,0
BRDA:34,1,1,0
BRDA:45,2,0,0
BRDA:45,2,1,0
BRDA:84,3,0,0
BRDA:84,3,1,0
BRF:7
BRH:0
end_of_record
TN:
SF:src/components/HospitalPicker/index.jsx
FN:7,(anonymous_0)
FN:29,(anonymous_1)
FN:39,(anonymous_2)
FN:63,(anonymous_3)
FN:70,(anonymous_4)
FN:72,(anonymous_5)
FN:81,(anonymous_6)
FN:87,(anonymous_7)
FN:105,(anonymous_8)
FN:109,(anonymous_9)
FN:118,(anonymous_10)
FN:125,(anonymous_11)
FN:136,(anonymous_12)
FN:138,(anonymous_13)
FN:139,(anonymous_14)
FN:140,(anonymous_15)
FN:141,(anonymous_16)
FN:142,(anonymous_17)
FNF:18
FNH:0
FNDA:0,(anonymous_0)
FNDA:0,(anonymous_1)
FNDA:0,(anonymous_2)
FNDA:0,(anonymous_3)
FNDA:0,(anonymous_4)
FNDA:0,(anonymous_5)
FNDA:0,(anonymous_6)
FNDA:0,(anonymous_7)
FNDA:0,(anonymous_8)
FNDA:0,(anonymous_9)
FNDA:0,(anonymous_10)
FNDA:0,(anonymous_11)
FNDA:0,(anonymous_12)
FNDA:0,(anonymous_13)
FNDA:0,(anonymous_14)
FNDA:0,(anonymous_15)
FNDA:0,(anonymous_16)
FNDA:0,(anonymous_17)
DA:6,0
DA:22,0
DA:23,0
DA:24,0
DA:25,0
DA:26,0
DA:27,0
DA:29,0
DA:30,0
DA:39,0
DA:40,0
DA:41,0
DA:42,0
DA:45,0
DA:47,0
DA:48,0
DA:49,0
DA:51,0
DA:52,0
DA:55,0
DA:56,0
DA:57,0
DA:59,0
DA:63,0
DA:64,0
DA:65,0
DA:70,0
DA:71,0
DA:72,0
DA:73,0
DA:74,0
DA:75,0
DA:81,0
DA:82,0
DA:83,0
DA:84,0
DA:87,0
DA:88,0
DA:89,0
DA:90,0
DA:91,0
DA:94,0
DA:95,0
DA:105,0
DA:106,0
DA:109,0
DA:110,0
DA:111,0
DA:112,0
DA:113,0
DA:118,0
DA:119,0
DA:120,0
DA:125,0
DA:126,0
DA:128,0
DA:129,0
DA:130,0
DA:131,0
DA:136,0
DA:138,0
DA:139,0
DA:140,0
DA:141,0
DA:142,0
DA:146,0
DA:179,0
LF:67
LH:0
BRDA:9,0,0,0
BRDA:10,1,0,0
BRDA:11,2,0,0
BRDA:14,3,0,0
BRDA:15,4,0,0
BRDA:16,5,0,0
BRDA:17,6,0,0
BRDA:47,7,0,0
BRDA:47,7,1,0
BRDA:47,8,0,0
BRDA:47,8,1,0
BRDA:56,9,0,0
BRDA:56,9,1,0
BRDA:64,10,0,0
BRDA:64,10,1,0
BRDA:71,11,0,0
BRDA:71,11,1,0
BRDA:71,12,0,0
BRDA:71,12,1,0
BRDA:71,12,2,0
BRDA:73,13,0,0
BRDA:73,13,1,0
BRDA:82,14,0,0
BRDA:82,14,1,0
BRDA:83,15,0,0
BRDA:83,15,1,0
BRDA:84,16,0,0
BRDA:84,16,1,0
BRDA:94,17,0,0
BRDA:94,17,1,0
BRDA:112,18,0,0
BRDA:112,18,1,0
BRDA:119,19,0,0
BRDA:119,19,1,0
BRDA:126,20,0,0
BRDA:126,20,1,0
BRDA:128,21,0,0
BRDA:128,21,1,0
BRDA:130,22,0,0
BRDA:130,22,1,0
BRDA:152,23,0,0
BRDA:152,23,1,0
BRDA:152,24,0,0
BRDA:152,24,1,0
BRDA:155,25,0,0
BRDA:155,25,1,0
BRDA:155,25,2,0
BRF:47
BRH:0
end_of_record
TN:
SF:src/components/MedicalChaperonDetail/index.jsx
FN:11,(anonymous_0)
FN:15,(anonymous_1)
FN:37,MedicalChaperonDetail
FN:46,(anonymous_3)
FN:50,(anonymous_4)
FN:55,(anonymous_5)
FN:62,(anonymous_6)
FN:65,(anonymous_7)
FN:80,(anonymous_8)
FN:106,(anonymous_9)
FN:120,(anonymous_10)
FN:127,(anonymous_11)
FN:143,(anonymous_12)
FNF:13
FNH:0
FNDA:0,(anonymous_0)
FNDA:0,(anonymous_1)
FNDA:0,MedicalChaperonDetail
FNDA:0,(anonymous_3)
FNDA:0,(anonymous_4)
FNDA:0,(anonymous_5)
FNDA:0,(anonymous_6)
FNDA:0,(anonymous_7)
FNDA:0,(anonymous_8)
FNDA:0,(anonymous_9)
FNDA:0,(anonymous_10)
FNDA:0,(anonymous_11)
FNDA:0,(anonymous_12)
DA:11,0
DA:12,0
DA:15,0
DA:16,0
DA:21,0
DA:38,0
DA:39,0
DA:41,0
DA:42,0
DA:43,0
DA:46,0
DA:47,0
DA:49,0
DA:51,0
DA:52,0
DA:56,0
DA:57,0
DA:62,0
DA:63,0
DA:65,0
DA:66,0
DA:67,0
DA:68,0
DA:69,0
DA:71,0
DA:73,0
DA:77,0
DA:80,0
DA:81,0
DA:82,0
DA:83,0
DA:85,0
DA:91,0
DA:92,0
DA:99,0
DA:107,0
DA:121,0
DA:127,0
DA:144,0
LF:39
LH:0
BRDA:47,0,0,0
BRDA:47,0,1,0
BRDA:51,1,0,0
BRDA:51,1,1,0
BRDA:63,2,0,0
BRDA:63,2,1,0
BRDA:69,3,0,0
BRDA:69,3,1,0
BRDA:81,4,0,0
BRDA:81,4,1,0
BRDA:91,5,0,0
BRDA:91,5,1,0
BRDA:103,6,0,0
BRDA:103,6,1,0
BRDA:105,7,0,0
BRDA:105,7,1,0
BRDA:139,8,0,0
BRDA:139,8,1,0
BRDA:141,9,0,0
BRDA:141,9,1,0
BRDA:148,10,0,0
BRDA:148,10,1,0
BRDA:153,11,0,0
BRDA:153,11,1,0
BRDA:163,12,0,0
BRDA:163,12,1,0
BRDA:166,13,0,0
BRDA:166,13,1,0
BRF:28
BRH:0
end_of_record
TN:
SF:src/components/MedicalChaperonList/MedicalChaperonCard.jsx
FN:7,(anonymous_0)
FN:10,(anonymous_1)
FN:37,(anonymous_2)
FNF:3
FNH:0
FNDA:0,(anonymous_0)
FNDA:0,(anonymous_1)
FNDA:0,(anonymous_2)
DA:7,0
DA:8,0
DA:10,0
DA:11,0
DA:16,0
DA:38,0
LF:6
LH:0
BRDA:32,0,0,0
BRDA:32,0,1,0
BRDA:32,1,0,0
BRDA:32,1,1,0
BRF:4
BRH:0
end_of_record
TN:
SF:src/components/MedicalChaperonList/MedicalChaperonList.jsx
FN:14,(anonymous_0)
FN:21,(anonymous_1)
FN:27,(anonymous_2)
FN:28,(anonymous_3)
FN:60,(anonymous_4)
FNF:5
FNH:0
FNDA:0,(anonymous_0)
FNDA:0,(anonymous_1)
FNDA:0,(anonymous_2)
FNDA:0,(anonymous_3)
FNDA:0,(anonymous_4)
DA:14,0
DA:16,0
DA:18,0
DA:21,0
DA:24,0
DA:27,0
DA:28,0
DA:29,0
DA:30,0
DA:31,0
DA:34,0
DA:37,0
DA:61,0
LF:13
LH:0
BRDA:29,0,0,0
BRDA:29,0,1,0
BRDA:63,1,0,0
BRDA:63,1,1,0
BRF:4
BRH:0
end_of_record
TN:
SF:src/components/MedicalChaperonPicker/index.jsx
FN:7,(anonymous_0)
FN:27,(anonymous_1)
FN:34,(anonymous_2)
FN:35,(anonymous_3)
FN:42,(anonymous_4)
FN:44,(anonymous_5)
FN:53,(anonymous_6)
FN:57,(anonymous_7)
FN:65,(anonymous_8)
FN:69,(anonymous_9)
FN:79,(anonymous_10)
FN:81,(anonymous_11)
FN:82,(anonymous_12)
FN:83,(anonymous_13)
FN:84,(anonymous_14)
FN:98,(anonymous_15)
FNF:16
FNH:0
FNDA:0,(anonymous_0)
FNDA:0,(anonymous_1)
FNDA:0,(anonymous_2)
FNDA:0,(anonymous_3)
FNDA:0,(anonymous_4)
FNDA:0,(anonymous_5)
FNDA:0,(anonymous_6)
FNDA:0,(anonymous_7)
FNDA:0,(anonymous_8)
FNDA:0,(anonymous_9)
FNDA:0,(anonymous_10)
FNDA:0,(anonymous_11)
FNDA:0,(anonymous_12)
FNDA:0,(anonymous_13)
FNDA:0,(anonymous_14)
FNDA:0,(anonymous_15)
DA:6,0
DA:22,0
DA:23,0
DA:24,0
DA:25,0
DA:27,0
DA:28,0
DA:34,0
DA:35,0
DA:36,0
DA:37,0
DA:42,0
DA:43,0
DA:44,0
DA:45,0
DA:46,0
DA:47,0
DA:53,0
DA:54,0
DA:57,0
DA:58,0
DA:59,0
DA:60,0
DA:62,0
DA:65,0
DA:66,0
DA:69,0
DA:70,0
DA:71,0
DA:73,0
DA:74,0
DA:79,0
DA:81,0
DA:82,0
DA:83,0
DA:84,0
DA:87,0
DA:98,0
LF:38
LH:0
BRDA:9,0,0,0
BRDA:10,1,0,0
BRDA:11,2,0,0
BRDA:14,3,0,0
BRDA:15,4,0,0
BRDA:16,5,0,0
BRDA:17,6,0,0
BRDA:43,7,0,0
BRDA:43,7,1,0
BRDA:43,8,0,0
BRDA:43,8,1,0
BRDA:43,8,2,0
BRDA:45,9,0,0
BRDA:45,9,1,0
BRDA:54,10,0,0
BRDA:54,10,1,0
BRDA:73,11,0,0
BRDA:73,11,1,0
BRDA:93,12,0,0
BRDA:93,12,1,0
BRDA:96,13,0,0
BRDA:96,13,1,0
BRDA:98,14,0,0
BRDA:98,14,1,0
BRF:24
BRH:0
end_of_record
TN:
SF:src/components/OrderCard/OrderCard.jsx
FN:15,(anonymous_0)
FN:21,(anonymous_1)
FN:52,(anonymous_2)
FN:55,(anonymous_3)
FN:61,(anonymous_4)
FN:65,(anonymous_5)
FN:68,(anonymous_6)
FN:74,(anonymous_7)
FN:90,(anonymous_8)
FN:115,(anonymous_9)
FN:118,(anonymous_10)
FN:127,(anonymous_11)
FN:137,(anonymous_12)
FN:141,(anonymous_13)
FN:159,(anonymous_14)
FN:166,(anonymous_15)
FN:170,(anonymous_16)
FN:188,(anonymous_17)
FN:286,(anonymous_18)
FNF:19
FNH:1
FNDA:10,(anonymous_0)
FNDA:0,(anonymous_1)
FNDA:0,(anonymous_2)
FNDA:0,(anonymous_3)
FNDA:0,(anonymous_4)
FNDA:0,(anonymous_5)
FNDA:0,(anonymous_6)
FNDA:0,(anonymous_7)
FNDA:0,(anonymous_8)
FNDA:0,(anonymous_9)
FNDA:0,(anonymous_10)
FNDA:0,(anonymous_11)
FNDA:0,(anonymous_12)
FNDA:0,(anonymous_13)
FNDA:0,(anonymous_14)
FNDA:0,(anonymous_15)
FNDA:0,(anonymous_16)
FNDA:0,(anonymous_17)
FNDA:0,(anonymous_18)
DA:15,1
DA:16,10
DA:17,10
DA:18,10
DA:21,10
DA:22,0
DA:23,0
DA:53,0
DA:56,0
DA:61,10
DA:62,0
DA:66,0
DA:69,0
DA:74,10
DA:75,0
DA:76,0
DA:77,0
DA:79,0
DA:82,0
DA:90,10
DA:91,0
DA:92,0
DA:93,0
DA:94,0
DA:95,0
DA:96,0
DA:100,0
DA:101,0
DA:103,0
DA:105,0
DA:106,0
DA:107,0
DA:115,10
DA:116,0
DA:119,0
DA:123,0
DA:124,0
DA:128,0
DA:137,10
DA:138,0
DA:142,0
DA:143,0
DA:144,0
DA:145,0
DA:149,0
DA:150,0
DA:153,0
DA:160,0
DA:166,10
DA:167,0
DA:171,0
DA:172,0
DA:173,0
DA:174,0
DA:178,0
DA:179,0
DA:182,0
DA:189,0
DA:195,10
DA:204,10
DA:287,0
LF:61
LH:13
BRDA:76,0,0,0
BRDA:76,0,1,0
BRDA:76,1,0,0
BRDA:76,1,1,0
BRDA:100,2,0,0
BRDA:100,2,1,0
BRDA:108,3,0,0
BRDA:108,3,1,0
BRDA:123,4,0,0
BRDA:123,4,1,0
BRDA:149,5,0,0
BRDA:149,5,1,0
BRDA:178,6,0,0
BRDA:178,6,1,0
BRDA:213,7,0,10
BRDA:213,7,1,0
BRDA:235,8,0,10
BRDA:235,8,1,0
BRDA:252,9,0,9
BRDA:252,9,1,1
BRDA:255,10,0,9
BRDA:255,10,1,5
BRDA:265,11,0,9
BRDA:265,11,1,4
BRDA:265,11,2,3
BRDA:265,11,3,6
BRDA:272,12,0,9
BRDA:272,12,1,1
BRDA:277,13,0,9
BRDA:277,13,1,2
BRDA:277,13,2,1
BRDA:282,14,0,9
BRDA:282,14,1,2
BRDA:282,14,2,1
BRDA:298,15,0,1
BRDA:298,15,1,1
BRF:36
BRH:20
end_of_record
TN:
SF:src/components/RegisterBtn/RegisterBtn.jsx
FN:10,(anonymous_0)
FN:13,(anonymous_1)
FN:20,(anonymous_2)
FNF:3
FNH:0
FNDA:0,(anonymous_0)
FNDA:0,(anonymous_1)
FNDA:0,(anonymous_2)
DA:10,0
DA:11,0
DA:13,0
DA:15,0
DA:16,0
DA:21,0
DA:24,0
DA:28,0
DA:32,0
LF:9
LH:0
BRDA:15,0,0,0
BRDA:15,0,1,0
BRF:2
BRH:0
end_of_record
TN:
SF:src/components/ServiceComponent/index.jsx
FN:10,(anonymous_0)
FN:11,(anonymous_1)
FN:17,(anonymous_2)
FN:30,(anonymous_3)
FN:36,(anonymous_4)
FN:44,(anonymous_5)
FN:48,(anonymous_6)
FN:52,(anonymous_7)
FNF:8
FNH:1
FNDA:4,(anonymous_0)
FNDA:0,(anonymous_1)
FNDA:0,(anonymous_2)
FNDA:0,(anonymous_3)
FNDA:0,(anonymous_4)
FNDA:0,(anonymous_5)
FNDA:0,(anonymous_6)
FNDA:0,(anonymous_7)
DA:10,1
DA:11,4
DA:12,0
DA:17,4
DA:18,0
DA:23,4
DA:30,0
DA:36,0
DA:44,0
DA:48,0
DA:52,0
LF:11
LH:4
BRF:0
BRH:0
end_of_record
TN:
SF:src/components/ServiceDetail/RefundInstructionsSteps.jsx
FN:15,(anonymous_0)
FNF:1
FNH:0
FNDA:0,(anonymous_0)
DA:6,0
DA:15,0
DA:16,0
LF:3
LH:0
BRF:0
BRH:0
end_of_record
TN:
SF:src/components/ServiceDetail/ServiceContent.jsx
FN:260,(anonymous_0)
FN:287,(anonymous_1)
FN:295,(anonymous_2)
FN:312,(anonymous_3)
FN:321,(anonymous_4)
FN:330,(anonymous_5)
FN:333,(anonymous_6)
FN:336,(anonymous_7)
FN:339,(anonymous_8)
FNF:9
FNH:0
FNDA:0,(anonymous_0)
FNDA:0,(anonymous_1)
FNDA:0,(anonymous_2)
FNDA:0,(anonymous_3)
FNDA:0,(anonymous_4)
FNDA:0,(anonymous_5)
FNDA:0,(anonymous_6)
FNDA:0,(anonymous_7)
FNDA:0,(anonymous_8)
DA:8,0
DA:19,0
DA:33,0
DA:38,0
DA:42,0
DA:47,0
DA:85,0
DA:95,0
DA:147,0
DA:187,0
DA:223,0
DA:260,0
DA:261,0
DA:263,0
DA:266,0
DA:267,0
DA:269,0
DA:270,0
DA:272,0
DA:273,0
DA:275,0
DA:276,0
DA:278,0
DA:279,0
DA:281,0
DA:284,0
DA:288,0
DA:296,0
DA:312,0
DA:313,0
DA:322,0
DA:330,0
DA:333,0
DA:336,0
DA:339,0
LF:35
LH:0
BRDA:263,0,0,0
BRDA:263,0,1,0
BRDA:263,0,2,0
BRDA:263,0,3,0
BRDA:263,0,4,0
BRDA:263,0,5,0
BRDA:263,0,6,0
BRDA:320,1,0,0
BRDA:320,1,1,0
BRDA:320,1,2,0
BRDA:329,2,0,0
BRDA:329,2,1,0
BRDA:332,3,0,0
BRDA:332,3,1,0
BRDA:335,4,0,0
BRDA:335,4,1,0
BRDA:338,5,0,0
BRDA:338,5,1,0
BRDA:346,6,0,0
BRDA:346,6,1,0
BRDA:346,6,2,0
BRDA:346,6,3,0
BRDA:346,6,4,0
BRDA:346,6,5,0
BRDA:346,6,6,0
BRF:25
BRH:0
end_of_record
TN:
SF:src/components/ServiceDetail/ServiceDescriptionSteps.jsx
FN:15,(anonymous_0)
FNF:1
FNH:0
FNDA:0,(anonymous_0)
DA:6,0
DA:15,0
DA:16,0
LF:3
LH:0
BRF:0
BRH:0
end_of_record
TN:
SF:src/components/ServiceDetail/ServiceDetail.jsx
FN:17,(anonymous_0)
FN:22,(anonymous_1)
FN:23,(anonymous_2)
FN:30,(anonymous_3)
FN:35,(anonymous_4)
FNF:5
FNH:0
FNDA:0,(anonymous_0)
FNDA:0,(anonymous_1)
FNDA:0,(anonymous_2)
FNDA:0,(anonymous_3)
FNDA:0,(anonymous_4)
DA:17,0
DA:18,0
DA:19,0
DA:20,0
DA:22,0
DA:23,0
DA:24,0
DA:25,0
DA:27,0
DA:30,0
DA:31,0
DA:32,0
DA:36,0
DA:39,0
DA:41,0
DA:45,0
LF:16
LH:0
BRDA:31,0,0,0
BRDA:31,0,1,0
BRF:2
BRH:0
end_of_record
TN:
SF:src/components/ServiceDetail/ServiceTargets.jsx
FN:5,(anonymous_0)
FNF:1
FNH:0
FNDA:0,(anonymous_0)
DA:5,0
DA:6,0
LF:2
LH:0
BRF:0
BRH:0
end_of_record
TN:
SF:src/components/VirtualList/index.jsx
FN:6,(anonymous_0)
FN:12,(anonymous_1)
FN:17,(anonymous_2)
FN:23,(anonymous_3)
FN:24,(anonymous_4)
FN:30,(anonymous_5)
FN:34,(anonymous_6)
FN:48,(anonymous_7)
FNF:8
FNH:0
FNDA:0,(anonymous_0)
FNDA:0,(anonymous_1)
FNDA:0,(anonymous_2)
FNDA:0,(anonymous_3)
FNDA:0,(anonymous_4)
FNDA:0,(anonymous_5)
FNDA:0,(anonymous_6)
FNDA:0,(anonymous_7)
DA:4,0
DA:6,0
DA:7,0
DA:8,0
DA:10,0
DA:12,0
DA:13,0
DA:14,0
DA:17,0
DA:18,0
DA:19,0
DA:20,0
DA:23,0
DA:24,0
DA:30,0
DA:31,0
DA:34,0
DA:35,0
DA:36,0
DA:40,0
DA:49,0
LF:21
LH:0
BRDA:6,0,0,0
BRDA:6,1,0,0
BRDA:6,2,0,0
BRDA:18,3,0,0
BRDA:18,3,1,0
BRDA:35,4,0,0
BRDA:35,4,1,0
BRDA:36,5,0,0
BRDA:36,5,1,0
BRDA:36,5,2,0
BRF:10
BRH:0
end_of_record
TN:
SF:src/constants/index.ts
FNF:0
FNH:0
DA:6,3
DA:14,3
DA:26,3
DA:43,3
DA:54,3
DA:71,3
DA:74,3
DA:80,3
DA:83,3
DA:84,3
LF:10
LH:10
BRDA:83,0,0,3
BRDA:83,0,1,3
BRF:2
BRH:2
end_of_record
TN:
SF:src/store/useAuthStore.js
FN:8,(anonymous_0)
FN:14,(anonymous_1)
FN:35,(anonymous_2)
FN:41,(anonymous_3)
FN:47,(anonymous_4)
FN:48,(anonymous_5)
FN:62,(anonymous_6)
FN:73,(anonymous_7)
FN:74,(anonymous_8)
FN:75,(anonymous_9)
FNF:10
FNH:7
FNDA:11,(anonymous_0)
FNDA:1,(anonymous_1)
FNDA:3,(anonymous_2)
FNDA:3,(anonymous_3)
FNDA:1,(anonymous_4)
FNDA:6,(anonymous_5)
FNDA:3,(anonymous_6)
FNDA:0,(anonymous_7)
FNDA:0,(anonymous_8)
FNDA:0,(anonymous_9)
DA:8,11
DA:15,1
DA:16,1
DA:19,1
DA:20,0
DA:21,0
DA:22,0
DA:24,0
DA:28,1
DA:36,3
DA:37,3
DA:42,3
DA:43,3
DA:48,1
DA:49,6
DA:50,6
DA:55,1
DA:63,3
DA:64,3
DA:65,2
DA:66,2
DA:68,1
DA:73,11
DA:74,0
DA:75,0
DA:76,0
LF:26
LH:19
BRDA:10,0,0,11
BRDA:10,0,1,10
BRDA:11,1,0,11
BRDA:11,1,1,10
BRDA:19,2,0,0
BRDA:19,2,1,1
BRDA:19,3,0,1
BRDA:19,3,1,1
BRDA:21,4,0,0
BRDA:21,4,1,0
BRDA:64,5,0,2
BRDA:64,5,1,1
BRDA:64,6,0,3
BRDA:64,6,1,2
BRDA:76,7,0,0
BRDA:76,7,1,0
BRF:16
BRH:11
end_of_record
TN:
SF:src/store/useCityStore.js
FN:5,(anonymous_0)
FN:11,(anonymous_1)
FN:21,(anonymous_2)
FN:31,(anonymous_3)
FN:40,(anonymous_4)
FNF:5
FNH:3
FNDA:7,(anonymous_0)
FNDA:3,(anonymous_1)
FNDA:0,(anonymous_2)
FNDA:0,(anonymous_3)
FNDA:1,(anonymous_4)
DA:5,7
DA:12,3
DA:13,3
DA:14,3
DA:22,0
DA:23,0
DA:24,0
DA:32,0
DA:33,0
DA:41,1
DA:42,1
DA:43,1
LF:12
LH:7
BRDA:7,0,0,7
BRDA:7,0,1,6
BRDA:8,1,0,7
BRDA:8,1,1,6
BRDA:41,2,0,1
BRDA:41,2,1,0
BRDA:42,3,0,1
BRDA:42,3,1,0
BRF:8
BRH:6
end_of_record
TN:
SF:src/store/useEscortIncomeStore.js
FN:7,(anonymous_0)
FN:20,(anonymous_1)
FN:21,(anonymous_2)
FN:22,(anonymous_3)
FN:23,(anonymous_4)
FN:24,(anonymous_5)
FN:25,(anonymous_6)
FN:26,(anonymous_7)
FN:27,(anonymous_8)
FN:30,(anonymous_9)
FN:66,(anonymous_10)
FN:107,(anonymous_11)
FN:112,(anonymous_12)
FN:146,(anonymous_13)
FN:152,(anonymous_14)
FNF:15
FNH:5
FNDA:8,(anonymous_0)
FNDA:0,(anonymous_1)
FNDA:0,(anonymous_2)
FNDA:0,(anonymous_3)
FNDA:1,(anonymous_4)
FNDA:1,(anonymous_5)
FNDA:0,(anonymous_6)
FNDA:0,(anonymous_7)
FNDA:0,(anonymous_8)
FNDA:1,(anonymous_9)
FNDA:2,(anonymous_10)
FNDA:0,(anonymous_11)
FNDA:0,(anonymous_12)
FNDA:0,(anonymous_13)
FNDA:0,(anonymous_14)
DA:7,8
DA:20,0
DA:21,0
DA:22,0
DA:23,1
DA:24,1
DA:25,0
DA:26,0
DA:27,0
DA:31,1
DA:32,1
DA:34,1
DA:47,1
DA:54,1
DA:56,0
DA:57,0
DA:58,0
DA:67,2
DA:68,2
DA:69,2
DA:71,2
DA:73,2
DA:86,1
DA:87,1
DA:88,1
DA:90,1
DA:96,1
DA:97,1
DA:98,1
DA:108,0
DA:114,0
DA:115,0
DA:117,0
DA:118,0
DA:119,0
DA:120,0
DA:121,0
DA:123,0
DA:125,0
DA:126,0
DA:127,0
DA:128,0
DA:133,0
DA:134,0
DA:135,0
DA:138,0
DA:139,0
DA:141,0
DA:142,0
DA:147,0
DA:148,0
DA:153,0
DA:154,0
DA:155,0
DA:157,0
DA:158,0
LF:56
LH:20
BRDA:30,0,0,1
BRDA:47,1,0,1
BRDA:47,1,1,0
BRDA:47,1,2,0
BRDA:66,2,0,0
BRDA:69,3,0,2
BRDA:69,3,1,0
BRDA:86,4,0,1
BRDA:86,4,1,0
BRDA:86,4,2,0
BRDA:87,5,0,1
BRDA:87,5,1,0
BRDA:88,6,0,1
BRDA:88,6,1,0
BRDA:91,7,0,1
BRDA:91,7,1,0
BRDA:117,8,0,0
BRDA:117,8,1,0
BRDA:117,9,0,0
BRDA:117,9,1,0
BRDA:118,10,0,0
BRDA:118,10,1,0
BRDA:120,11,0,0
BRDA:120,11,1,0
BRDA:123,12,0,0
BRDA:123,12,1,0
BRDA:125,13,0,0
BRDA:125,13,1,0
BRDA:125,14,0,0
BRDA:125,14,1,0
BRDA:127,15,0,0
BRDA:127,15,1,0
BRDA:128,16,0,0
BRDA:128,16,1,0
BRDA:133,17,0,0
BRDA:133,17,1,0
BRDA:154,18,0,0
BRDA:154,18,1,0
BRDA:154,19,0,0
BRDA:154,19,1,0
BRF:40
BRH:7
end_of_record
TN:
SF:src/store/useTabBarStore.js
FN:3,(anonymous_0)
FN:5,(anonymous_1)
FNF:2
FNH:2
FNDA:4,(anonymous_0)
FNDA:6,(anonymous_1)
DA:3,4
DA:5,6
LF:2
LH:2
BRF:0
BRH:0
end_of_record
TN:
SF:src/types/global.d.ts
FNF:0
FNH:0
LF:0
LH:0
BRF:0
BRH:0
end_of_record
TN:
SF:src/utils/auth.ts
FN:18,(anonymous_0)
FN:28,(anonymous_1)
FN:36,(anonymous_2)
FN:50,(anonymous_3)
FN:64,(anonymous_4)
FN:65,(anonymous_5)
FN:77,(anonymous_6)
FN:91,(anonymous_7)
FN:92,AuthWrappedPage
FN:93,(anonymous_9)
FNF:10
FNH:6
FNDA:4,(anonymous_0)
FNDA:2,(anonymous_1)
FNDA:3,(anonymous_2)
FNDA:1,(anonymous_3)
FNDA:1,(anonymous_4)
FNDA:6,(anonymous_5)
FNDA:0,(anonymous_6)
FNDA:0,(anonymous_7)
FNDA:0,AuthWrappedPage
FNDA:0,(anonymous_9)
DA:5,13
DA:18,13
DA:19,4
DA:20,4
DA:21,4
DA:28,13
DA:29,2
DA:36,13
DA:37,3
DA:38,3
DA:39,3
DA:41,1
DA:50,13
DA:51,1
DA:52,0
DA:54,1
DA:55,0
DA:57,1
DA:58,1
DA:64,13
DA:65,1
DA:66,6
DA:67,6
DA:77,13
DA:78,0
DA:79,0
DA:81,0
DA:91,13
DA:92,0
DA:93,0
DA:94,0
DA:95,0
DA:96,0
DA:98,0
DA:102,0
DA:103,0
DA:106,0
LF:37
LH:23
BRDA:21,0,0,4
BRDA:21,0,1,2
BRDA:29,1,0,2
BRDA:29,1,1,1
BRDA:39,2,0,2
BRDA:39,2,1,1
BRDA:51,3,0,0
BRDA:51,3,1,1
BRDA:51,4,0,1
BRDA:51,4,1,1
BRDA:54,5,0,0
BRDA:54,5,1,1
BRDA:54,6,0,1
BRDA:54,6,1,1
BRDA:54,6,2,1
BRDA:79,7,0,0
BRDA:79,7,1,0
BRDA:94,8,0,0
BRDA:94,8,1,0
BRDA:102,9,0,0
BRDA:102,9,1,0
BRF:21
BRH:13
end_of_record
TN:
SF:src/utils/imageUtils.js
FN:10,(anonymous_0)
FN:60,(anonymous_1)
FN:83,(anonymous_2)
FN:97,(anonymous_3)
FN:98,(anonymous_4)
FN:114,(anonymous_5)
FNF:6
FNH:6
FNDA:6,(anonymous_0)
FNDA:5,(anonymous_1)
FNDA:4,(anonymous_2)
FNDA:6,(anonymous_3)
FNDA:6,(anonymous_4)
FNDA:5,(anonymous_5)
DA:10,1
DA:11,6
DA:13,6
DA:14,6
DA:15,6
DA:18,6
DA:19,1
DA:23,5
DA:27,4
DA:28,1
DA:32,3
DA:33,3
DA:35,3
DA:37,3
DA:38,2
DA:41,1
DA:45,3
DA:46,3
DA:48,3
DA:50,2
DA:52,2
DA:60,1
DA:61,5
DA:62,5
DA:64,5
DA:65,2
DA:66,2
DA:71,5
DA:72,5
DA:74,0
DA:83,1
DA:84,4
DA:85,4
DA:87,1
DA:88,1
DA:97,1
DA:98,6
DA:99,6
DA:114,1
DA:115,5
DA:116,5
DA:117,5
DA:119,5
DA:122,4
DA:123,3
DA:127,1
DA:128,1
DA:133,1
DA:134,1
DA:136,1
DA:137,1
DA:140,0
DA:144,0
DA:146,1
DA:147,1
LF:55
LH:52
BRDA:10,0,0,6
BRDA:18,1,0,1
BRDA:18,1,1,5
BRDA:18,2,0,6
BRDA:18,2,1,2
BRDA:18,2,2,2
BRDA:27,3,0,1
BRDA:27,3,1,3
BRDA:38,4,0,2
BRDA:38,4,1,0
BRDA:60,5,0,4
BRDA:64,6,0,2
BRDA:64,6,1,3
BRDA:64,7,0,5
BRDA:64,7,1,4
BRDA:64,7,2,3
BRDA:83,8,0,3
BRDA:85,9,0,4
BRDA:85,9,1,1
BRDA:114,10,0,3
BRDA:114,11,0,3
BRDA:122,12,0,3
BRDA:122,12,1,1
BRDA:136,13,0,1
BRDA:136,13,1,0
BRF:25
BRH:23
end_of_record
TN:
SF:src/utils/payment.js
FN:16,(anonymous_0)
FN:34,(anonymous_1)
FN:46,(anonymous_2)
FN:69,(anonymous_3)
FN:101,(anonymous_4)
FNF:5
FNH:5
FNDA:9,(anonymous_0)
FNDA:6,(anonymous_1)
FNDA:2,(anonymous_2)
FNDA:3,(anonymous_3)
FNDA:3,(anonymous_4)
DA:16,1
DA:17,9
DA:19,9
DA:20,9
DA:22,9
DA:23,1
DA:24,1
DA:25,1
DA:28,8
DA:36,6
DA:37,4
DA:38,4
DA:39,4
DA:44,6
DA:47,2
DA:48,1
DA:50,1
DA:55,0
DA:56,0
DA:69,1
DA:70,3
DA:72,3
DA:73,3
DA:75,2
DA:76,1
DA:83,1
DA:84,1
DA:87,1
DA:88,1
DA:101,1
DA:102,3
DA:104,3
DA:105,3
DA:107,2
DA:108,1
DA:116,1
DA:117,1
DA:120,1
DA:121,1
LF:39
LH:37
BRDA:16,0,0,0
BRDA:17,1,0,7
BRDA:22,2,0,1
BRDA:22,2,1,8
BRDA:23,3,0,1
BRDA:23,3,1,0
BRDA:24,4,0,1
BRDA:24,4,1,0
BRDA:36,5,0,4
BRDA:36,5,1,2
BRDA:44,6,0,2
BRDA:44,6,1,4
BRDA:47,7,0,1
BRDA:47,7,1,1
BRDA:48,8,0,1
BRDA:48,8,1,0
BRDA:50,9,0,1
BRDA:50,9,1,0
BRDA:55,10,0,0
BRDA:55,10,1,0
BRDA:69,11,0,0
BRDA:75,12,0,1
BRDA:75,12,1,1
BRDA:83,13,0,1
BRDA:83,13,1,0
BRDA:84,14,0,1
BRDA:84,14,1,0
BRDA:87,15,0,1
BRDA:87,15,1,0
BRDA:101,16,0,0
BRDA:107,17,0,1
BRDA:107,17,1,1
BRDA:116,18,0,1
BRDA:116,18,1,0
BRDA:117,19,0,1
BRDA:117,19,1,0
BRDA:120,20,0,1
BRDA:120,20,1,0
BRF:38
BRH:23
end_of_record
TN:
SF:src/utils/permission.js
FN:8,(anonymous_0)
FN:14,(anonymous_1)
FN:20,(anonymous_2)
FNF:3
FNH:3
FNDA:3,(anonymous_0)
FNDA:3,(anonymous_1)
FNDA:2,(anonymous_2)
DA:8,1
DA:9,3
DA:10,3
DA:14,1
DA:15,3
DA:21,2
DA:22,1
LF:7
LH:7
BRDA:21,0,0,1
BRDA:21,0,1,1
BRF:2
BRH:2
end_of_record
TN:
SF:src/utils/request.js
FN:10,(anonymous_0)
FN:15,(anonymous_1)
FN:22,(anonymous_2)
FN:50,(anonymous_3)
FN:69,(anonymous_4)
FN:80,(anonymous_5)
FN:83,(anonymous_6)
FN:97,(anonymous_7)
FN:111,(anonymous_8)
FN:137,(anonymous_9)
FN:178,(anonymous_10)
FN:212,(anonymous_11)
FN:222,(anonymous_12)
FN:232,(anonymous_13)
FN:242,(anonymous_14)
FNF:15
FNH:9
FNDA:2,(anonymous_0)
FNDA:0,(anonymous_1)
FNDA:2,(anonymous_2)
FNDA:1,(anonymous_3)
FNDA:0,(anonymous_4)
FNDA:0,(anonymous_5)
FNDA:0,(anonymous_6)
FNDA:0,(anonymous_7)
FNDA:0,(anonymous_8)
FNDA:4,(anonymous_9)
FNDA:2,(anonymous_10)
FNDA:1,(anonymous_11)
FNDA:1,(anonymous_12)
FNDA:1,(anonymous_13)
FNDA:2,(anonymous_14)
DA:3,1
DA:10,1
DA:11,2
DA:12,2
DA:13,2
DA:14,2
DA:15,2
DA:16,2
DA:20,1
DA:23,2
DA:24,2
DA:25,2
DA:28,2
DA:29,2
DA:31,0
DA:32,0
DA:35,2
DA:37,2
DA:38,1
DA:39,1
DA:42,1
DA:44,0
DA:45,0
DA:52,1
DA:53,1
DA:61,1
DA:63,0
DA:64,0
DA:70,0
DA:71,0
DA:72,0
DA:74,0
DA:75,0
DA:81,0
DA:82,0
DA:83,0
DA:84,0
DA:85,0
DA:88,0
DA:90,0
DA:91,0
DA:97,1
DA:98,0
DA:99,0
DA:102,0
DA:105,0
DA:111,0
DA:112,0
DA:114,0
DA:115,0
DA:119,0
DA:120,0
DA:121,0
DA:122,0
DA:123,0
DA:126,0
DA:131,1
DA:137,1
DA:138,4
DA:140,4
DA:142,4
DA:153,4
DA:156,4
DA:157,4
DA:158,0
DA:160,4
DA:163,0
DA:164,0
DA:166,0
DA:170,0
DA:171,0
DA:173,0
DA:178,1
DA:179,2
DA:182,2
DA:185,2
DA:186,2
DA:187,2
DA:188,1
DA:189,0
DA:191,1
DA:196,1
DA:204,1
DA:205,1
DA:208,1
DA:212,1
DA:213,1
DA:222,1
DA:223,1
DA:232,1
DA:233,1
DA:242,1
DA:243,2
DA:245,2
LF:94
LH:53
BRDA:11,0,0,0
BRDA:11,0,1,2
BRDA:11,1,0,2
BRDA:11,1,1,2
BRDA:12,2,0,0
BRDA:12,2,1,2
BRDA:13,3,0,0
BRDA:13,3,1,2
BRDA:25,4,0,0
BRDA:25,4,1,2
BRDA:37,5,0,1
BRDA:37,5,1,1
BRDA:37,6,0,2
BRDA:37,6,1,2
BRDA:50,7,0,0
BRDA:84,8,0,0
BRDA:84,8,1,0
BRDA:108,9,0,0
BRDA:108,9,1,0
BRDA:114,10,0,0
BRDA:114,10,1,0
BRDA:114,11,0,0
BRDA:114,11,1,0
BRDA:119,12,0,0
BRDA:119,12,1,0
BRDA:126,13,0,0
BRDA:126,13,1,0
BRDA:138,14,0,4
BRDA:156,15,0,4
BRDA:156,15,1,0
BRDA:157,16,0,0
BRDA:157,16,1,4
BRDA:157,17,0,4
BRDA:157,17,1,0
BRDA:163,18,0,0
BRDA:163,18,1,0
BRDA:163,19,0,0
BRDA:163,19,1,0
BRDA:166,20,0,0
BRDA:166,20,1,0
BRDA:166,20,2,0
BRDA:170,21,0,0
BRDA:170,21,1,0
BRDA:170,22,0,0
BRDA:170,22,1,0
BRDA:171,23,0,0
BRDA:171,23,1,0
BRDA:178,24,0,0
BRDA:178,25,0,0
BRDA:178,26,0,0
BRDA:179,27,0,0
BRDA:179,28,0,2
BRDA:179,29,0,2
BRDA:182,30,0,2
BRDA:182,30,1,2
BRDA:185,31,0,2
BRDA:185,31,1,0
BRDA:187,32,0,1
BRDA:187,32,1,1
BRDA:188,33,0,0
BRDA:188,33,1,1
BRDA:188,34,0,1
BRDA:188,34,1,0
BRDA:204,35,0,1
BRDA:204,35,1,0
BRDA:204,36,0,1
BRDA:204,36,1,1
BRDA:212,37,0,0
BRDA:212,38,0,1
BRDA:222,39,0,1
BRDA:222,40,0,1
BRDA:232,41,0,0
BRDA:232,42,0,1
BRDA:242,43,0,1
BRDA:252,44,0,1
BRDA:252,44,1,1
BRF:76
BRH:33
end_of_record
TN:
SF:src/utils/subscribe.js
FN:24,(anonymous_0)
FN:42,(anonymous_1)
FN:45,(anonymous_2)
FN:48,(anonymous_3)
FN:60,(anonymous_4)
FN:68,(anonymous_5)
FN:76,(anonymous_6)
FN:84,(anonymous_7)
FN:96,(anonymous_8)
FN:102,(anonymous_9)
FN:105,(anonymous_10)
FN:108,(anonymous_11)
FNF:12
FNH:10
FNDA:10,(anonymous_0)
FNDA:7,(anonymous_1)
FNDA:6,(anonymous_2)
FNDA:1,(anonymous_3)
FNDA:1,(anonymous_4)
FNDA:0,(anonymous_5)
FNDA:0,(anonymous_6)
FNDA:2,(anonymous_7)
FNDA:3,(anonymous_8)
FNDA:2,(anonymous_9)
FNDA:1,(anonymous_10)
FNDA:1,(anonymous_11)
DA:8,1
DA:24,1
DA:26,10
DA:27,1
DA:28,1
DA:32,9
DA:33,2
DA:37,7
DA:38,1
DA:39,1
DA:42,7
DA:43,7
DA:46,6
DA:49,1
DA:50,1
DA:60,1
DA:61,1
DA:68,1
DA:69,0
DA:76,1
DA:77,0
DA:84,1
DA:85,2
DA:96,1
DA:98,3
DA:99,1
DA:102,2
DA:103,2
DA:106,1
DA:109,1
DA:110,1
LF:31
LH:29
BRDA:26,0,0,1
BRDA:26,0,1,9
BRDA:32,1,0,2
BRDA:32,1,1,7
BRDA:32,2,0,9
BRDA:32,2,1,8
BRDA:37,3,0,1
BRDA:37,3,1,6
BRDA:98,4,0,1
BRDA:98,4,1,2
BRF:10
BRH:10
end_of_record
